[    0.000000] Initializing cgroup subsys cpuset
[    0.000000] Initializing cgroup subsys cpu
[    0.000000] Initializing cgroup subsys cpuacct
[    0.000000] Linux version 4.4.0-210-generic (buildd@lgw01-amd64-009) (gcc version 5.4.0 20160609 (Ubuntu 5.4.0-6ubuntu1~16.04.12) ) #242-Ubuntu SMP Fri Apr 16 09:57:56 UTC 2021 (Ubuntu 4.4.0-210.242-generic 4.4.262)
[    0.000000] Command line: BOOT_IMAGE=/boot/vmlinuz-4.4.0-210-generic root=LABEL=cloudimg-rootfs ro console=tty1 console=ttyS0
[    0.000000] KERNEL supported cpus:
[    0.000000]   Intel GenuineIntel
[    0.000000]   AMD AuthenticAMD
[    0.000000]   Centaur CentaurHauls
[    0.000000] x86/fpu: xstate_offset[2]:  576, xstate_sizes[2]:  256
[    0.000000] x86/fpu: Supporting XSAVE feature 0x01: 'x87 floating point registers'
[    0.000000] x86/fpu: Supporting XSAVE feature 0x02: 'SSE registers'
[    0.000000] x86/fpu: Supporting XSAVE feature 0x04: 'AVX registers'
[    0.000000] x86/fpu: Enabled xstate features 0x7, context size is 832 bytes, using 'standard' format.
[    0.000000] e820: BIOS-provided physical RAM map:
[    0.000000] BIOS-e820: [mem 0x0000000000000000-0x000000000009fbff] usable
[    0.000000] BIOS-e820: [mem 0x000000000009fc00-0x000000000009ffff] reserved
[    0.000000] BIOS-e820: [mem 0x00000000000f0000-0x00000000000fffff] reserved
[    0.000000] BIOS-e820: [mem 0x0000000000100000-0x000000003ffeffff] usable
[    0.000000] BIOS-e820: [mem 0x000000003fff0000-0x000000003fffffff] ACPI data
[    0.000000] BIOS-e820: [mem 0x00000000fec00000-0x00000000fec00fff] reserved
[    0.000000] BIOS-e820: [mem 0x00000000fee00000-0x00000000fee00fff] reserved
[    0.000000] BIOS-e820: [mem 0x00000000fffc0000-0x00000000ffffffff] reserved
[    0.000000] NX (Execute Disable) protection: active
[    0.000000] SMBIOS 2.5 present.
[    0.000000] Hypervisor detected: KVM
[    0.000000] e820: last_pfn = 0x3fff0 max_arch_pfn = 0x400000000
[    0.000000] x86/PAT: Configuration [0-7]: WB  WC  UC- UC  WB  WC  UC- WT  
[    0.000000] found SMP MP-table at [mem 0x0009fbf0-0x0009fbff] mapped at [ffff88000009fbf0]
[    0.000000] Scanning 1 areas for low memory corruption
[    0.000000] RAMDISK: [mem 0x362dc000-0x37165fff]
[    0.000000] ACPI: Early table checksum verification disabled
[    0.000000] ACPI: RSDP 0x00000000000E0000 000024 (v02 VBOX  )
[    0.000000] ACPI: XSDT 0x000000003FFF0030 00003C (v01 VBOX   VBOXXSDT 00000001 ASL  00000061)
[    0.000000] ACPI: FACP 0x000000003FFF00F0 0000F4 (v04 VBOX   VBOXFACP 00000001 ASL  00000061)
[    0.000000] ACPI: DSDT 0x000000003FFF0610 002353 (v02 VBOX   VBOXBIOS 00000002 INTL 20230628)
[    0.000000] ACPI: FACS 0x000000003FFF0200 000040
[    0.000000] ACPI: FACS 0x000000003FFF0200 000040
[    0.000000] ACPI: APIC 0x000000003FFF0240 000054 (v02 VBOX   VBOXAPIC 00000001 ASL  00000061)
[    0.000000] ACPI: SSDT 0x000000003FFF02A0 00036C (v01 VBOX   VBOXCPUT 00000002 INTL 20230628)
[    0.000000] No NUMA configuration found
[    0.000000] Faking a node at [mem 0x0000000000000000-0x000000003ffeffff]
[    0.000000] NODE_DATA(0) allocated [mem 0x3ffeb000-0x3ffeffff]
[    0.000000] kvm-clock: Using msrs 4b564d01 and 4b564d00
[    0.000000] kvm-clock: cpu 0, msr 0:3ffe3001, primary cpu clock
[    0.000000] kvm-clock: using sched offset of 2818813172 cycles
[    0.000000] clocksource: kvm-clock: mask: 0xffffffffffffffff max_cycles: 0x1cd42e4dffb, max_idle_ns: 881590591483 ns
[    0.000000] Zone ranges:
[    0.000000]   DMA      [mem 0x0000000000001000-0x0000000000ffffff]
[    0.000000]   DMA32    [mem 0x0000000001000000-0x000000003ffeffff]
[    0.000000]   Normal   empty
[    0.000000]   Device   empty
[    0.000000] Movable zone start for each node
[    0.000000] Early memory node ranges
[    0.000000]   node   0: [mem 0x0000000000001000-0x000000000009efff]
[    0.000000]   node   0: [mem 0x0000000000100000-0x000000003ffeffff]
[    0.000000] Initmem setup node 0 [mem 0x0000000000001000-0x000000003ffeffff]
[    0.000000] ACPI: PM-Timer IO Port: 0x4008
[    0.000000] IOAPIC[0]: apic_id 1, version 32, address 0xfec00000, GSI 0-23
[    0.000000] ACPI: INT_SRC_OVR (bus 0 bus_irq 0 global_irq 2 dfl dfl)
[    0.000000] ACPI: INT_SRC_OVR (bus 0 bus_irq 9 global_irq 9 low level)
[    0.000000] Using ACPI (MADT) for SMP configuration information
[    0.000000] smpboot: Allowing 1 CPUs, 0 hotplug CPUs
[    0.000000] PM: Registered nosave memory: [mem 0x00000000-0x00000fff]
[    0.000000] PM: Registered nosave memory: [mem 0x0009f000-0x0009ffff]
[    0.000000] PM: Registered nosave memory: [mem 0x000a0000-0x000effff]
[    0.000000] PM: Registered nosave memory: [mem 0x000f0000-0x000fffff]
[    0.000000] e820: [mem 0x40000000-0xfebfffff] available for PCI devices
[    0.000000] Booting paravirtualized kernel on KVM
[    0.000000] clocksource: refined-jiffies: mask: 0xffffffff max_cycles: 0xffffffff, max_idle_ns: 7645519600211568 ns
[    0.000000] setup_percpu: NR_CPUS:512 nr_cpumask_bits:512 nr_cpu_ids:1 nr_node_ids:1
[    0.000000] PERCPU: Embedded 33 pages/cpu @ffff88003fc00000 s95192 r8192 d31784 u2097152
[    0.000000] Built 1 zonelists in Node order, mobility grouping on.  Total pages: 257912
[    0.000000] Policy zone: DMA32
[    0.000000] Kernel command line: BOOT_IMAGE=/boot/vmlinuz-4.4.0-210-generic root=LABEL=cloudimg-rootfs ro console=tty1 console=ttyS0
[    0.000000] PID hash table entries: 4096 (order: 3, 32768 bytes)
[    0.000000] Memory: 997924K/1048120K available (8644K kernel code, 1332K rwdata, 4044K rodata, 1492K init, 1164K bss, 50196K reserved, 0K cma-reserved)
[    0.000000] SLUB: HWalign=64, Order=0-3, MinObjects=0, CPUs=1, Nodes=1
[    0.000000] Kernel/User page tables isolation: enabled
[    0.000000] Hierarchical RCU implementation.
[    0.000000] 	Build-time adjustment of leaf fanout to 64.
[    0.000000] 	RCU restricting CPUs from NR_CPUS=512 to nr_cpu_ids=1.
[    0.000000] RCU: Adjusting geometry for rcu_fanout_leaf=64, nr_cpu_ids=1
[    0.000000] NR_IRQS:33024 nr_irqs:256 16
[    0.000000] Console: colour VGA+ 80x25
[    0.000000] console [tty1] enabled
[    0.000000] console [ttyS0] enabled
[    0.000000] tsc: Detected 2419.200 MHz processor
[    0.090653] Calibrating delay loop (skipped) preset value.. 4838.40 BogoMIPS (lpj=9676800)
[    0.091787] pid_max: default: 32768 minimum: 301
[    0.092419] ACPI: Core revision 20150930
[    0.093740] ACPI: 2 ACPI AML tables successfully acquired and loaded
[    0.094568] Security Framework initialized
[    0.095092] Yama: becoming mindful.
[    0.095576] AppArmor: AppArmor initialized
[    0.096153] Dentry cache hash table entries: 131072 (order: 8, 1048576 bytes)
[    0.097436] Inode-cache hash table entries: 65536 (order: 7, 524288 bytes)
[    0.098242] Mount-cache hash table entries: 2048 (order: 2, 16384 bytes)
[    0.098992] Mountpoint-cache hash table entries: 2048 (order: 2, 16384 bytes)
[    0.099977] Initializing cgroup subsys io
[    0.100567] Initializing cgroup subsys memory
[    0.101154] Initializing cgroup subsys devices
[    0.101732] Initializing cgroup subsys freezer
[    0.102351] Initializing cgroup subsys net_cls
[    0.102939] Initializing cgroup subsys perf_event
[    0.103533] Initializing cgroup subsys net_prio
[    0.104122] Initializing cgroup subsys hugetlb
[    0.104728] Initializing cgroup subsys pids
[    0.130601] mce: CPU supports 0 MCE banks
[    0.131136] process: using mwait in idle threads
[    0.131734] Last level iTLB entries: 4KB 0, 2MB 0, 4MB 0
[    0.132349] Last level dTLB entries: 4KB 0, 2MB 0, 4MB 0, 1GB 0
[    0.133009] Spectre V1 : Mitigation: usercopy/swapgs barriers and __user pointer sanitization
[    0.134013] Spectre V2 : Mitigation: Full generic retpoline
[    0.134709] Spectre V2 : Spectre v2 / SpectreRSB mitigation: Filling RSB on context switch
[    0.135693] Speculative Store Bypass: Vulnerable
[    0.136336] MDS: Mitigation: Clear CPU buffers
[    0.155479] Freeing SMP alternatives memory: 36K
[    0.160066] ftrace: allocating 32380 entries in 127 pages
[    0.198418] smpboot: APIC(0) Converting physical 0 to logical package 0
[    0.199338] smpboot: Max logical packages: 1
[    0.200105] x2apic enabled
[    0.200654] Switched APIC routing to physical x2apic.
[    0.202027] ..TIMER: vector=0x30 apic1=0 pin1=2 apic2=-1 pin2=-1
[    0.310825] smpboot: CPU0: 11th Gen Intel(R) Core(TM) i5-1135G7 @ 2.40GHz (family: 0x6, model: 0x8c, stepping: 0x1)
[    0.312522] Performance Events: unsupported p6 CPU model 140 no PMU driver, software events only.
[    0.321785] KVM setup paravirtual spinlock
[    0.323182] x86: Booted up 1 node, 1 CPUs
[    0.323701] smpboot: Total of 1 processors activated (4838.40 BogoMIPS)
[    0.324587] devtmpfs: initialized
[    0.325805] evm: security.selinux
[    0.326258] evm: security.SMACK64
[    0.326671] evm: security.SMACK64EXEC
[    0.327129] evm: security.SMACK64TRANSMUTE
[    0.327606] evm: security.SMACK64MMAP
[    0.328043] evm: security.ima
[    0.328463] evm: security.capability
[    0.329059] clocksource: jiffies: mask: 0xffffffff max_cycles: 0xffffffff, max_idle_ns: 7645041785100000 ns
[    0.330205] futex hash table entries: 256 (order: 2, 16384 bytes)
[    0.330909] pinctrl core: initialized pinctrl subsystem
[    0.331585] RTC time: 16:52:31, date: 12/18/24
[    0.332486] NET: Registered protocol family 16
[    0.333114] cpuidle: using governor ladder
[    0.333608] cpuidle: using governor menu
[    0.334073] PCCT header not found.
[    0.334620] ACPI: bus type PCI registered
[    0.335109] acpiphp: ACPI Hot Plug PCI Controller Driver version: 0.5
[    0.335939] PCI: Using configuration type 1 for base access
[    0.337429] ACPI: Added _OSI(Module Device)
[    0.337950] ACPI: Added _OSI(Processor Device)
[    0.338509] ACPI: Added _OSI(3.0 _SCP Extensions)
[    0.339080] ACPI: Added _OSI(Processor Aggregator Device)
[    0.340187] ACPI: Executed 1 blocks of module-level executable AML code
[    0.342511] ACPI: Interpreter enabled
[    0.343027] ACPI: (supports S0 S5)
[    0.343501] ACPI: Using IOAPIC for interrupt routing
[    0.344238] PCI: Using host bridge windows from ACPI; if necessary, use "pci=nocrs" and report a bug
[    0.347813] ACPI: PCI Root Bridge [PCI0] (domain 0000 [bus 00-ff])
[    0.348569] acpi PNP0A03:00: _OSC: OS supports [ASPM ClockPM Segments MSI]
[    0.349575] acpi PNP0A03:00: _OSC: not requesting OS control; OS requires [ExtendedConfig ASPM ClockPM MSI]
[    0.350634] acpi PNP0A03:00: fail to add MMCONFIG information, can't access extended PCI configuration space under this bridge.
[    0.352146] PCI host bridge to bus 0000:00
[    0.352707] pci_bus 0000:00: root bus resource [io  0x0000-0x0cf7 window]
[    0.353480] pci_bus 0000:00: root bus resource [io  0x0d00-0xffff window]
[    0.354224] pci_bus 0000:00: root bus resource [mem 0x000a0000-0x000bffff window]
[    0.355298] pci_bus 0000:00: root bus resource [mem 0x40000000-0xfdffffff window]
[    0.356305] pci_bus 0000:00: root bus resource [bus 00-ff]
[    0.357864] pci 0000:00:01.1: legacy IDE quirk: reg 0x10: [io  0x01f0-0x01f7]
[    0.358696] pci 0000:00:01.1: legacy IDE quirk: reg 0x14: [io  0x03f6]
[    0.359452] pci 0000:00:01.1: legacy IDE quirk: reg 0x18: [io  0x0170-0x0177]
[    0.360263] pci 0000:00:01.1: legacy IDE quirk: reg 0x1c: [io  0x0376]
[    0.366897] pci 0000:00:07.0: quirk: [io  0x4000-0x403f] claimed by PIIX4 ACPI
[    0.367892] pci 0000:00:07.0: quirk: [io  0x4100-0x410f] claimed by PIIX4 SMB
[    0.372092] ACPI: PCI Interrupt Link [LNKA] (IRQs 5 9 10 *11)
[    0.378781] ACPI: PCI Interrupt Link [LNKB] (IRQs 5 9 *10 11)
[    0.379691] ACPI: PCI Interrupt Link [LNKC] (IRQs 5 *9 10 11)
[    0.380552] ACPI: PCI Interrupt Link [LNKD] (IRQs 5 9 10 *11)
[    0.381440] ACPI: Enabled 2 GPEs in block 00 to 07
[    0.382174] vgaarb: setting as boot device: PCI:0000:00:02.0
[    0.382797] vgaarb: device added: PCI:0000:00:02.0,decodes=io+mem,owns=io+mem,locks=none
[    0.383701] vgaarb: loaded
[    0.384075] vgaarb: bridge control possible 0000:00:02.0
[    0.384788] SCSI subsystem initialized
[    0.385310] ACPI: bus type USB registered
[    0.385796] usbcore: registered new interface driver usbfs
[    0.386393] usbcore: registered new interface driver hub
[    0.386988] usbcore: registered new device driver usb
[    0.387670] PCI: Using ACPI for IRQ routing
[    0.388467] NetLabel: Initializing
[    0.388933] NetLabel:  domain hash size = 128
[    0.389508] NetLabel:  protocols = UNLABELED CIPSOv4
[    0.390082] NetLabel:  unlabeled traffic allowed by default
[    0.390743] amd_nb: Cannot enumerate AMD northbridges
[    0.391408] clocksource: Switched to clocksource kvm-clock
[    0.396004] AppArmor: AppArmor Filesystem Enabled
[    0.396635] pnp: PnP ACPI init
[    0.397434] pnp: PnP ACPI: found 3 devices
[    0.403446] clocksource: acpi_pm: mask: 0xffffff max_cycles: 0xffffff, max_idle_ns: 2085701024 ns
[    0.404750] NET: Registered protocol family 2
[    0.405467] TCP established hash table entries: 8192 (order: 4, 65536 bytes)
[    0.406261] TCP bind hash table entries: 8192 (order: 5, 131072 bytes)
[    0.407014] TCP: Hash tables configured (established 8192 bind 8192)
[    0.407745] UDP hash table entries: 512 (order: 2, 16384 bytes)
[    0.408464] UDP-Lite hash table entries: 512 (order: 2, 16384 bytes)
[    0.409239] NET: Registered protocol family 1
[    0.409784] pci 0000:00:00.0: Limiting direct PCI/PCI transfers
[    0.410502] pci 0000:00:01.0: Activating ISA DMA hang workarounds
[    0.411257] Unpacking initramfs...
[    0.575994] Freeing initrd memory: 14888K
[    0.576707] clocksource: tsc: mask: 0xffffffffffffffff max_cycles: 0x22df1149949, max_idle_ns: 440795312789 ns
[    0.577751] platform rtc_cmos: registered platform RTC device (no PNP device found)
[    0.578661] Scanning for low memory corruption every 60 seconds
[    0.579446] audit: initializing netlink subsys (disabled)
[    0.580166] audit: type=2000 audit(1734540755.254:1): initialized
[    0.581121] Initialise system trusted keyring
[    0.581880] HugeTLB registered 2 MB page size, pre-allocated 0 pages
[    0.583365] zbud: loaded
[    0.583994] VFS: Disk quotas dquot_6.6.0
[    0.584596] VFS: Dquot-cache hash table entries: 512 (order 0, 4096 bytes)
[    0.585589] squashfs: version 4.0 (2009/01/31) Phillip Lougher
[    0.586475] fuse init (API version 7.23)
[    0.587156] Key type big_key registered
[    0.587798] Allocating IMA MOK and blacklist keyrings.
[    0.588713] Key type asymmetric registered
[    0.589291] Asymmetric key parser 'x509' registered
[    0.589968] Block layer SCSI generic (bsg) driver version 0.4 loaded (major 249)
[    0.591000] io scheduler noop registered
[    0.591561] io scheduler deadline registered (default)
[    0.592250] io scheduler cfq registered
[    0.592876] pci_hotplug: PCI Hot Plug PCI Core version: 0.5
[    0.593645] pciehp: PCI Express Hot Plug Controller Driver version: 0.4
[    0.594632] ACPI: AC Adapter [AC] (on-line)
[    0.595295] input: Power Button as /devices/LNXSYSTM:00/LNXPWRBN:00/input/input0
[    0.596360] ACPI: Power Button [PWRF]
[    0.597032] input: Sleep Button as /devices/LNXSYSTM:00/LNXSLPBN:00/input/input1
[    0.598309] ACPI: Sleep Button [SLPF]
[    0.599540] ACPI: Battery Slot [BAT0] (battery present)
[    0.600399] GHES: HEST is not enabled!
[    0.601065] Serial: 8250/16550 driver, 32 ports, IRQ sharing enabled
[    0.622147] 00:02: ttyS0 at I/O 0x3f8 (irq = 4, base_baud = 115200) is a 16550A
[    0.624033] Linux agpgart interface v0.103
[    0.625136] loop: module loaded
[    0.625921] scsi host0: ata_piix
[    0.626434] scsi host1: ata_piix
[    0.626916] ata1: PATA max UDMA/33 cmd 0x1f0 ctl 0x3f6 bmdma 0xd000 irq 14
[    0.627757] ata2: PATA max UDMA/33 cmd 0x170 ctl 0x376 bmdma 0xd008 irq 15
[    0.628822] libphy: Fixed MDIO Bus: probed
[    0.629343] tun: Universal TUN/TAP device driver, 1.6
[    0.629993] tun: (C) 1999-2004 Max Krasnyansky <maxk@qualcomm.com>
[    0.630840] PPP generic driver version 2.4.2
[    0.631442] ehci_hcd: USB 2.0 'Enhanced' Host Controller (EHCI) Driver
[    0.632262] ehci-pci: EHCI PCI platform driver
[    0.632836] ehci-platform: EHCI generic platform driver
[    0.633525] ohci_hcd: USB 1.1 'Open' Host Controller (OHCI) Driver
[    0.634360] ohci-pci: OHCI PCI platform driver
[    0.634963] ohci-platform: OHCI generic platform driver
[    0.635576] uhci_hcd: USB Universal Host Controller Interface driver
[    0.636360] i8042: PNP: PS/2 Controller [PNP0303:PS2K,PNP0f03:PS2M] at 0x60,0x64 irq 1,12
[    0.637810] serio: i8042 KBD port at 0x60,0x64 irq 1
[    0.638541] serio: i8042 AUX port at 0x60,0x64 irq 12
[    0.639292] mousedev: PS/2 mouse device common for all mice
[    0.640185] input: AT Translated Set 2 keyboard as /devices/platform/i8042/serio0/input/input2
[    0.641547] rtc_cmos rtc_cmos: rtc core: registered rtc_cmos as rtc0
[    0.642460] rtc_cmos rtc_cmos: alarms up to one day, 114 bytes nvram
[    0.643260] i2c /dev entries driver
[    0.643851] device-mapper: uevent: version 1.0.3
[    0.644509] device-mapper: ioctl: 4.34.0-ioctl (2015-10-28) initialised: dm-devel@redhat.com
[    0.645821] ledtrig-cpu: registered to indicate activity on CPUs
[    0.646770] NET: Registered protocol family 10
[    0.647492] NET: Registered protocol family 17
[    0.648134] Key type dns_resolver registered
[    0.648934] registered taskstats version 1
[    0.649649] Loading compiled-in X.509 certificates
[    0.650928] Loaded X.509 cert 'Build time autogenerated kernel key: cf00e047681d67edb2720680708b7d9498083038'
[    0.652375] zswap: loaded using pool lzo/zbud
[    0.654067] Key type trusted registered
[    0.656261] Key type encrypted registered
[    0.656811] AppArmor: AppArmor sha1 policy hashing enabled
[    0.657456] ima: No TPM chip found, activating TPM-bypass!
[    0.658109] ima: Allocated hash algorithm: sha1
[    0.658716] evm: HMAC attrs: 0x1
[    0.659361]   Magic number: 4:427:894
[    0.659947] rtc_cmos rtc_cmos: setting system clock to 2024-12-18 16:52:31 UTC (1734540751)
[    0.661098] BIOS EDD facility v0.16 2004-Jun-25, 0 devices found
[    0.661871] EDD information not available.
[    0.810490] Freeing unused kernel memory: 1492K
[    0.811131] Write protecting the kernel read-only data: 14336k
[    0.812081] Freeing unused kernel memory: 1584K
[    0.812667] Freeing unused kernel memory: 52K
Loading, please wait...
starting version 229
[    0.820110] random: udevadm: uninitialized urandom read (16 bytes read, 3 bits of entropy available)
[    0.821217] random: udevadm: uninitialized urandom read (16 bytes read, 3 bits of entropy available)
[    0.824165] random: systemd-udevd: uninitialized urandom read (16 bytes read, 3 bits of entropy available)
[    0.825491] random: systemd-udevd: uninitialized urandom read (16 bytes read, 3 bits of entropy available)
[    0.826660] random: systemd-udevd: uninitialized urandom read (16 bytes read, 3 bits of entropy available)
[    0.827784] random: systemd-udevd: uninitialized urandom read (16 bytes read, 3 bits of entropy available)
[    0.831037] random: systemd-udevd: uninitialized urandom read (16 bytes read, 3 bits of entropy available)
[    0.832291] random: systemd-udevd: uninitialized urandom read (16 bytes read, 3 bits of entropy available)
[    0.833442] random: systemd-udevd: uninitialized urandom read (16 bytes read, 3 bits of entropy available)
[    0.835815] random: systemd-udevd: uninitialized urandom read (16 bytes read, 3 bits of entropy available)
[    0.895986] e1000: Intel(R) PRO/1000 Network Driver - version 7.3.21-k8-NAPI
[    0.896856] e1000: Copyright (c) 1999-2006 Intel Corporation.
[    0.901914] Fusion MPT base driver 3.04.20
[    0.902481] Copyright (c) 1999-2008 LSI Corporation
[    0.905160] Fusion MPT SPI Host driver 3.04.20
[    0.925440] AVX2 version of gcm_enc/dec engaged.
[    0.926110] AES CTR mode by8 optimization enabled
[    1.112549] input: ImExPS/2 Generic Explorer Mouse as /devices/platform/i8042/serio1/input/input4
[    1.251084] e1000 0000:00:03.0 eth0: (PCI:33MHz:32-bit) 02:be:82:6b:cc:1d
[    1.251962] e1000 0000:00:03.0 eth0: Intel(R) PRO/1000 Network Connection
[    1.253083] mptbase: ioc0: Initiating bringup
[    1.324126] ioc0: LSI53C1030 A0: Capabilities={Initiator}
[    1.485747] scsi host2: ioc0: LSI53C1030 A0, FwRev=00000000h, Ports=1, MaxQ=256, IRQ=20
[    1.601175] scsi 2:0:0:0: Direct-Access     VBOX     HARDDISK         1.0  PQ: 0 ANSI: 5
[    1.602775] scsi target2:0:0: Beginning Domain Validation
[    1.605205] scsi target2:0:0: Domain Validation skipping write tests
[    1.606667] scsi target2:0:0: Ending Domain Validation
[    1.607923] scsi target2:0:0: asynchronous
[    1.609144] scsi 2:0:1:0: Direct-Access     VBOX     HARDDISK         1.0  PQ: 0 ANSI: 5
[    1.611025] scsi target2:0:1: Beginning Domain Validation
[    1.612769] scsi target2:0:1: Domain Validation skipping write tests
[    1.613935] scsi target2:0:1: Ending Domain Validation
[    1.615196] scsi target2:0:1: asynchronous
[    1.619163] sd 2:0:0:0: Attached scsi generic sg0 type 0
[    1.620107] sd 2:0:0:0: [sda] 83886080 512-byte logical blocks: (42.9 GB/40.0 GiB)
[    1.621822] sd 2:0:1:0: [sdb] 20480 512-byte logical blocks: (10.5 MB/10.0 MiB)
[    1.628361] sd 2:0:1:0: Attached scsi generic sg1 type 0
[    1.632763] sd 2:0:0:0: [sda] Write Protect is off
[    1.633383] sd 2:0:0:0: [sda] Incomplete mode parameter data
[    1.633988] sd 2:0:0:0: [sda] Assuming drive cache: write through
[    1.642668]  sda: sda1
[    1.654549] sd 2:0:1:0: [sdb] Write Protect is off
[    1.655271] sd 2:0:1:0: [sdb] Incomplete mode parameter data
[    1.655896] sd 2:0:1:0: [sdb] Assuming drive cache: write through
[    1.656688] sd 2:0:0:0: [sda] Attached SCSI disk
[    1.680587] sd 2:0:1:0: [sdb] Attached SCSI disk
[    1.939591] e1000 0000:00:08.0 eth1: (PCI:33MHz:32-bit) 08:00:27:c0:4c:52
[    1.940654] e1000 0000:00:08.0 eth1: Intel(R) PRO/1000 Network Connection
[    1.942387] e1000 0000:00:08.0 enp0s8: renamed from eth1
[    1.944849] e1000 0000:00:03.0 enp0s3: renamed from eth0
Begin: Loading essential drivers ... [    3.130044] md: linear personality registered for level -1
[    3.132468] md: multipath personality registered for level -4
[    3.134789] md: raid0 personality registered for level 0
[    3.137691] md: raid1 personality registered for level 1
[    3.216456] raid6: sse2x1   gen() 14437 MB/s
[    3.295926] raid6: sse2x1   xor() 10153 MB/s
[    3.391136] raid6: sse2x2   gen() 22520 MB/s
[    3.486321] raid6: sse2x2   xor() 17465 MB/s
[    3.565311] raid6: sse2x4   gen() 23161 MB/s
[    3.644990] raid6: sse2x4   xor()  8978 MB/s
[    3.724328] raid6: avx2x1   gen() 22594 MB/s
[    3.812033] raid6: avx2x2   gen() 32769 MB/s
[    3.907137] raid6: avx2x4   gen() 40785 MB/s
[    3.907789] raid6: using algorithm avx2x4 gen() 40785 MB/s
[    3.908449] raid6: using avx2x2 recovery algorithm
[    3.910394] xor: automatically using best checksumming function:
[    4.068744]    avx       : 111252.000 MB/sec
[    4.070573] async_tx: api initialized (async)
[    4.079111] md: raid6 personality registered for level 6
[    4.079825] md: raid5 personality registered for level 5
[    4.080405] md: raid4 personality registered for level 4
[    4.085284] md: raid10 personality registered for level 10
done.
Begin: Running /scripts/init-premount ... done.
Begin: Mounting root file system ... Begin: Running /scripts/local-top ... done.
Begin: Running /scripts/local-premount ... [    4.109584] Btrfs loaded
Scanning for Btrfs filesystems
done.
Warning: fsck not present, so skipping root file system
[    4.129469] EXT4-fs (sda1): mounted filesystem with ordered data mode. Opts: (null)
done.
Begin: Running /scripts/local-bottom ... done.
Begin: Running /scripts/init-bottom ... done.
[    4.172864] systemd[1]: systemd 229 running in system mode. (+PAM +AUDIT +SELINUX +IMA +APPARMOR +SMACK +SYSVINIT +UTMP +LIBCRYPTSETUP +GCRYPT +GNUTLS +ACL +XZ -LZ4 +SECCOMP +BLKID +ELFUTILS +KMOD -IDN)
[    4.175199] systemd[1]: Detected virtualization oracle.
[    4.176197] systemd[1]: Detected architecture x86-64.

Welcome to [1mUbuntu 16.04.7 LTS[0m!

[    4.178066] systemd[1]: Set hostname to <ubuntu>.
[    4.179428] systemd[1]: Initializing machine ID from random generator.
[    4.180319] systemd[1]: Installed transient /etc/machine-id file.
[    4.251990] systemd[1]: Started Forward Password Requests to Wall Directory Watch.
[[0;32m  OK  [0m] Started Forward Password Requests to Wall Directory Watch.
[    4.254194] systemd[1]: Started Trigger resolvconf update for networkd DNS.
[[0;32m  OK  [0m] Started Trigger resolvconf update for networkd DNS.
[    4.255869] systemd[1]: Listening on Syslog Socket.
[[0;32m  OK  [0m] Listening on Syslog Socket.
[    4.257328] systemd[1]: Reached target System Time Synchronized.
[[0;32m  OK  [0m] Reached target System Time Synchronized.
[    4.259094] systemd[1]: Created slice User and Session Slice.
[[0;32m  OK  [0m] Created slice User and Session Slice.
[    4.260787] systemd[1]: Created slice System Slice.
[[0;32m  OK  [0m] Created slice System Slice.
[    4.262026] systemd[1]: Reached target Encrypted Volumes.
[[0;32m  OK  [0m] Reached target Encrypted Volumes.
[    4.263510] systemd[1]: Listening on udev Kernel Socket.
[[0;32m  OK  [0m] Listening on udev Kernel Socket.
[    4.265009] systemd[1]: Listening on Journal Audit Socket.
[[0;32m  OK  [0m] Listening on Journal Audit Socket.
[    4.266689] systemd[1]: Listening on LVM2 metadata daemon socket.
[[0;32m  OK  [0m] Listening on LVM2 metadata daemon socket.
[    4.268992] systemd[1]: Set up automount Arbitrary Executable File Formats File System Automount Point.
[[0;32m  OK  [0m] Set up automount Arbitrary Executab...ats File System Automount Point.
[    4.271670] systemd[1]: Listening on Journal Socket.
[[0;32m  OK  [0m] Listening on Journal Socket.
[    4.273424] systemd[1]: Starting Nameserver information manager...
         Starting Nameserver information manager...
[    4.277068] systemd[1]: Starting Load Kernel Modules...
         Starting Load Kernel Modules...
[    4.279269] systemd[1]: Mounting POSIX Message Queue File System...
         Mounting POSIX Message Queue File System...
[    4.287067] Loading iSCSI transport class v2.0-870.
[    4.287809] systemd[1]: Mounting Huge Pages File System...
         Mounting Huge Pages File System...
[    4.291438] systemd[1]: Listening on /dev/initctl Compatibility Named Pipe.
[[0;32m  OK  [0m] Listening on /dev/initctl Compatibility Named Pipe.
[    4.293520] systemd[1]: Reached target Slices.
[[0;32m  OK  [0m] Reached target Slices.
[    4.297970] systemd[1]: Starting Set console keymap...
[    4.299583] iscsi: registered transport (tcp)
         Starting Set console keymap...
[    4.301725] systemd[1]: Created slice system-serial\x2dgetty.slice.
[[0;32m  OK  [0m] Created slice system-serial\x2dgetty.slice.
[    4.304868] systemd[1]: Listening on Device-mapper event daemon FIFOs.
[[0;32m  OK  [0m] Listening on Device-mapper event daemon FIFOs.
[    4.311804] systemd[1]: Starting Monitoring of LVM2 mirrors, snapshots etc. using dmeventd or progress polling...
         Starting Monitoring of LVM2 mirrors... dmeventd or progress polling...
[    4.317238] systemd[1]: Listening on fsck to fsckd communication Socket.
[[0;32m  OK  [0m] Listening on fsck to fsckd communication Socket.
[    4.322970] systemd[1]: Starting File System Check on Root Device...
         Starting File System Check on Root Device...
[    4.327049] systemd[1]: Listening on udev Control Socket.
[[0;32m  OK  [0m] Listening on udev Control Socket.
[    4.328922] systemd[1]: Reached target User and Group Name Lookups.
[[0;32m  OK  [0m] Reached target User and Group Name Lookups.
[    4.334448] systemd[1]: Starting Create list of required static device nodes for the current kernel...
         Starting Create list of required st... nodes for the current kernel...
[    4.339456] systemd[1]: Listening on Journal Socket (/dev/log).
[[0;32m  OK  [0m] Listening on Journal Socket (/dev/log).
[    4.344924] systemd[1]: Mounting Debug File System...
         Mounting Debug File System...
[    4.346668] systemd[1]: Listening on LVM2 poll daemon socket.
[[0;32m  OK  [0m] Listening on LVM2 poll daemon socket.
[    4.348897] systemd[1]: Reached target Swap.
[[0;32m  OK  [0m] Reached target Swap.
[    4.352868] systemd[1]: Starting Journal Service...
         Starting Journal Service...
[    4.358042] systemd[1]: Starting Uncomplicated firewall...
         Starting Uncomplicated firewall...
[    4.362468] systemd[1]: Mounted Huge Pages File System.
[[0;32m  OK  [0m] Mounted Huge Pages File System.
[    4.363572] systemd[1]: Mounted POSIX Message Queue File System.
[[0;32m  OK  [0m] Mounted POSIX Message Queue File System.
[    4.364827] systemd[1]: Mounted Debug File System.
[[0;32m  OK  [0m] Mounted Debug File System.
[    4.369187] systemd[1]: Started File System Check on Root Device.
[[0;32m  OK  [0m] Started File System Check on Root Device.
[    4.375889] systemd[1]: Started Create list of required static device nodes for the current kernel.
[[0;32m  OK  [0m] Started Create list of required sta...ce nodes for the current kernel.
[    4.377906] systemd[1]: Started Uncomplicated firewall.
[[0;32m  OK  [0m] Started Uncomplicated firewall.
[    4.384121] systemd[1]: Started Nameserver information manager.
[[0;32m  OK  [0m] Started Nameserver information manager.
[    4.388700] systemd[1]: Started File System Check Daemon to report status.
[[0;32m  OK  [0m] Started File System Check Daemon to report status.
[    4.393347] systemd[1]: Started LVM2 metadata daemon.
[[0;32m  OK  [0m] Started LVM2 metadata daemon.
[    4.396882] systemd[1]: Starting Create Static Device Nodes in /dev...
         Starting Create Static Device Nodes in /dev...
[    4.398483] systemd[1]: Starting Remount Root and Kernel File Systems...
         Starting Remount Root and Kernel File Systems...
[    4.408286] EXT4-fs (sda1): re-mounted. Opts: (null)
[    4.410874] systemd[1]: Started Remount Root and Kernel File Systems.
[[0;32m  OK  [0m] Started Remount Root and Kernel File Systems.
[    4.413409] systemd[1]: Starting udev Coldplug all Devices...
         Starting udev Coldplug all Devices...
[    4.418373] systemd[1]: Starting Load/Save Random Seed...
         Starting Load/Save Random Seed...
[    4.444137] systemd[1]: Started Load/Save Random Seed.
[[0;32m  OK  [0m] Started Load/Save Random Seed.
[    4.446633] systemd[1]: Started Create Static Device Nodes in /dev.
[[0;32m  OK  [0m] Started Create Static Device Nodes in /dev.
[    4.448776] systemd[1]: Starting udev Kernel Device Manager...
         Starting udev Kernel Device Manager...
[    4.451196] iscsi: registered transport (iser)
[    4.460231] systemd[1]: Started Journal Service.
[[0;32m  OK  [0m] Started Journal Service.
         Starting Flush Journal to Persistent Storage...
[[0;32m  OK  [0m] Started Load Kernel Modules.
         Mounting FUSE Control File System...
         Starting Apply Kernel Variables...
[[0;32m  OK  [0m] Mounted FUSE Control File System.
[[0;32m  OK  [0m] Started Apply Kernel Variables.
[[0;32m  OK  [0m] Started udev Kernel Device Manager.
[[0;32m  OK  [0m] Started Flush Journal to Persistent Storage.
[[0;32m  OK  [0m] Started Set console keymap.
[[0;32m  OK  [0m] Started udev Coldplug all Devices.
[[0;32m  OK  [0m] Started Dispatch Password Requests to Console Directory Watch.
[[0;32m  OK  [0m] Found device /dev/ttyS0.
[[0;32m  OK  [0m] Started Monitoring of LVM2 mirrors,...ng dmeventd or progress polling.
[[0;32m  OK  [0m] Reached target Local File Systems (Pre).
[[0;32m  OK  [0m] Reached target Local File Systems.
         Starting Tell Plymouth To Write Out Runtime Data...
         Starting LSB: AppArmor initialization...
         Starting Initial cloud-init job (pre-networking)...
         Starting Set console font and keymap...
         Starting Commit a transient machine-id on disk...
         Starting Create Volatile Files and Directories...
[[0;32m  OK  [0m] Started Commit a transient machine-id on disk.
[[0;32m  OK  [0m] Started Tell Plymouth To Write Out Runtime Data.
[[0;32m  OK  [0m] Started Create Volatile Files and Directories.
         Starting Update UTMP about System Boot/Shutdown...
[[0;32m  OK  [0m] Started Update UTMP about System Boot/Shutdown.
[[0;32m  OK  [0m] Listening on Load/Save RF Kill Switch Status /dev/rfkill Watch.
[    5.888606] cloud-init[533]: Cloud-init v. 21.1-19-gbad84ad4-0ubuntu1~16.04.2 running 'init-local' at Wed, 18 Dec 2024 16:52:36 +0000. Up 5.44 seconds.
[[0;32m  OK  [0m] Started Initial cloud-init job (pre-networking).
[[0;32m  OK  [0m] Reached target Network (Pre).
[[0;32m  OK  [0m] Started Set console font and keymap.
[[0;32m  OK  [0m] Created slice system-getty.slice.
[[0;32m  OK  [0m] Started LSB: AppArmor initialization.
         Starting Load AppArmor profiles managed internally by snapd...
         Starting Raise network interfaces...
[[0;32m  OK  [0m] Started Load AppArmor profiles managed internally by snapd.
[[0;32m  OK  [0m] Started Raise network interfaces.
[[0;32m  OK  [0m] Reached target Network.
         Starting Initial cloud-init job (metadata service crawler)...
[    6.562688] cloud-init[966]: Cloud-init v. 21.1-19-gbad84ad4-0ubuntu1~16.04.2 running 'init' at Wed, 18 Dec 2024 16:52:37 +0000. Up 6.31 seconds.
[    6.563494] cloud-init[966]: ci-info: ++++++++++++++++++++++++++++++++++++++Net device info+++++++++++++++++++++++++++++++++++++++
[    6.564378] cloud-init[966]: ci-info: +--------+-------+----------------------------+---------------+--------+-------------------+
[    6.565148] cloud-init[966]: ci-info: | Device |   Up  |          Address           |      Mask     | Scope  |     Hw-Address    |
[    6.568228] cloud-init[966]: ci-info: +--------+-------+----------------------------+---------------+--------+-------------------+
[    6.568844] cloud-init[966]: ci-info: | enp0s3 |  True |         10.0.2.15          | 255.255.255.0 | global | 02:be:82:6b:cc:1d |
[    6.569512] cloud-init[966]: ci-info: | enp0s3 |  True | fe80::be:82ff:fe6b:cc1d/64 |       .       |  link  | 02:be:82:6b:cc:1d |
[    6.570271] cloud-init[966]: ci-info: | enp0s8 | False |             .              |       .       |   .    | 08:00:27:c0:4c:52 |
[    6.572224] cloud-init[966]: ci-info: |   lo   |  True |         127.0.0.1          |   255.0.0.0   |  host  |         .         |
[    6.576398] cloud-init[966]: ci-info: |   lo   |  True |          ::1/128           |       .       |  host  |         .         |
[    6.577103] cloud-init[966]: ci-info: +--------+-------+----------------------------+---------------+--------+-------------------+
[    6.577875] cloud-init[966]: ci-info: +++++++++++++++++++++++++++Route IPv4 info++++++++++++++++++++++++++++
[    6.578585] cloud-init[966]: ci-info: +-------+-------------+----------+---------------+-----------+-------+
[    6.579259] cloud-init[966]: ci-info: | Route | Destination | Gateway  |    Genmask    | Interface | Flags |
[    6.579925] cloud-init[966]: ci-info: +-------+-------------+----------+---------------+-----------+-------+
[    6.580688] cloud-init[966]: ci-info: |   0   |   0.0.0.0   | 10.0.2.2 |    0.0.0.0    |   enp0s3  |   UG  |
[    6.584283] cloud-init[966]: ci-info: |   1   |   10.0.2.0  | 0.0.0.0  | 255.255.255.0 |   enp0s3  |   U   |
[    6.584930] cloud-init[966]: ci-info: +-------+-------------+----------+---------------+-----------+-------+
[    6.585598] cloud-init[966]: ci-info: +++++++++++++++++++Route IPv6 info+++++++++++++++++++
[    6.586210] cloud-init[966]: ci-info: +-------+-------------+---------+-----------+-------+
[    6.588290] cloud-init[966]: ci-info: | Route | Destination | Gateway | Interface | Flags |
[    6.592362] cloud-init[966]: ci-info: +-------+-------------+---------+-----------+-------+
[    6.592881] cloud-init[966]: ci-info: |   0   |  fe80::/64  |    ::   |   enp0s3  |   U   |
[    6.593504] cloud-init[966]: ci-info: |   3   |   ff00::/8  |    ::   |   enp0s3  |   U   |
[    6.594121] cloud-init[966]: ci-info: +-------+-------------+---------+-----------+-------+
[    6.594709] cloud-init[966]: Generating public/private rsa key pair.
[    6.595278] cloud-init[966]: Your identification has been saved in /etc/ssh/ssh_host_rsa_key.
[    6.597078] cloud-init[966]: Your public key has been saved in /etc/ssh/ssh_host_rsa_key.pub.
[    6.600314] cloud-init[966]: The key fingerprint is:
[    6.600738] cloud-init[966]: SHA256:D8MnE8dFSGmuQOZ2EbvkR4l79DdeVQO9bVu/1mZcw9I root@ubuntu-xenial
[    6.601371] cloud-init[966]: The key's randomart image is:
[    6.601867] cloud-init[966]: +---[RSA 2048]----+
[    6.602334] cloud-init[966]: |        .o.+o.o..|
[    6.602789] cloud-init[966]: |      o .++o   .o|
[    6.603250] cloud-init[966]: |     +  =+*     +|
[    6.604223] cloud-init[966]: |      ++.B..   .=|
[    6.608362] cloud-init[966]: |     . oS.+ . =.=|
[    6.608774] cloud-init[966]: |        .X   + Eo|
[    6.609248] cloud-init[966]: |          .   o.=|
[    6.609706] cloud-init[966]: |               o=|
[    6.610179] cloud-init[966]: |              .o |
[    6.610636] cloud-init[966]: +----[SHA256]-----+
[    6.611100] cloud-init[966]: Generating public/private dsa key pair.
[    6.611617] cloud-init[966]: Your identification has been saved in /etc/ssh/ssh_host_dsa_key.
[    6.620252] cloud-init[966]: Your public key has been saved in /etc/ssh/ssh_host_dsa_key.pub.
[[0;32m  OK  [0m] Started Initial cloud-init job (metadata service crawler).
[    6.622499] cloud-init[966]: The key fingerprint is:
[    6.622976] cloud-init[966]: SHA256:6fYHhFz4tV5pjpaRsAwQpNu3lLnO3Du8exhLb0CLzWc root@ubuntu-xenial
[[0;32m  OK  [0m] Reached target Cloud-config availability.
[[0;32m  OK  [0m] Reached target System Initialization.
[    6.624082] cloud-init[966]: The key's randomart image is:
[    6.625163] cloud-init[966]: +---[DSA 1024]----+
         Starting LXD - unix socket.
[[0;32m  OK  [0m] Listening on D-Bus System Message Bus Socket.
[[0;32m  OK  [0m] Started Message of the Day.
[    6.627480] cloud-init[966]: |     .+o .       |
[    6.627845] cloud-init[966]: |     .  o o .    |
[    6.628330] cloud-init[966]: |    .  . * + o . |
[[0;32m  OK  [0m] Started Daily Cleanup of Temporary Directories.
[    6.629323] cloud-init[966]: |     o  o+* + +  |
[    6.629752] cloud-init[966]: |    . . S* o B   |
[[0;32m  OK  [0m] Listening on UUID daemon activation socket.
[    6.630699] cloud-init[966]: |       +.oO E .  |
         Starting Socket activation for snappy daemon.
[    6.631574] cloud-init[966]: |        =o @     |
[[0;32m  OK  [0m] Started Daily apt download activities.
[    6.632549] cloud-init[966]: |       = o= =    |
[[0;32m  OK  [0m] Listening on ACPID Listen Socket.
[    6.633448] cloud-init[966]: |        + *O     |
[[0;32m  OK  [0m] Started Daily apt upgrade and clean activities.
[    6.634379] cloud-init[966]: +----[SHA256]-----+
[    6.634953] cloud-init[966]: Generating public/private ecdsa key pair.
[    6.635566] cloud-init[966]: Your identification has been saved in /etc/ssh/ssh_host_ecdsa_key.[[0;32m  OK  [0m] Started ACPI Events Check.
[[0;32m  OK  [0m] Reached target Paths.
[[0;32m  OK  [0m] Started Ubuntu Advantage update messaging.
[[0;32m  OK  [0m] Reached target Timers.
[[0;32m  OK  [0m] Reached target Network is Online.
         Starting iSCSI initiator daemon (iscsid)...
[[0;32m  OK  [0m] Listening on LXD - unix socket.
[[0;32m  OK  [0m] Listening on Socket activation for snappy daemon.
[[0;32m  OK  [0m
[    6.640194] cloud-init[966]: Your public key has been saved in /etc/ssh/ssh_host_ecdsa_key.pub.
[    6.640726] cloud-init[966]: The key fingerprint is:
[    6.641078] cloud-init[966]: SHA256:CgQzCN+t7U7t12iTYeAnauSrcKHWGvKvnxzzhk8D9mI root@ubuntu-xenial
[    6.641645] cloud-init[966]: The key's randomart image is:
[    6.642074] cloud-init[966]: +---[ECDSA 256]---+
[    6.642449] cloud-init[966]: |o.+              |
[    6.642777] cloud-init[966]: |.. = .           |
[    6.643118] cloud-init[966]: |  . o .          |
[    6.643451] cloud-init[966]: |   . o  .        |
[    6.643769] cloud-init[966]: |    * ..S.       |
] Reached target Sockets.
[[0;32m  OK  [0m] Reached target Basic System.
[[0;32m  OK  [0m] Started FUSE filesystem for LXC.
         Starting /etc/rc.local Compatibility...
[    6.646767] cloud-init[966]: |   + *.oo +      |
[[0;32m  OK  [0m] Started Regular background program processing daemon.
         Starting System Logging Service...
[[0;32m  OK  [0m] Started D-Bus System Message Bus.
[    6.652645] cloud-init[966]: |. = E+B..+ =     |
[    6.669568] cloud-init[966]: | + B.X=o  * .    |
[    6.670671] cloud-init[966]: |  ++*==..o .     |
[    6.671399] cloud-init[966]: +----[SHA256]-----+
[[0;32m  OK  [0m] Started Deferred execution scheduler.
         Starting Login Service...
         Starting Accounts Service...
         Starting Virtualbox guest utils...
         Starting Snap Daemon...
         Starting LSB: Record successful boot for GRUB...
         Starting LSB: MD monitoring daemon...
[[0;32m  OK  [0m] Started ACPI event daemon.
         Starting Pollinate to seed the pseudo random number generator...
         Starting LXD - container startup/shutdown...
[[0;32m  OK  [0m] Started System Logging Service.
[    6.688215] [[0;32m  OK  [0m] Started /etc/rc.local Compatibility.
[[0;32m  OK  [0m] Started iSCSI initiator daemon (iscsid).
         Starting Login to default iSCSI targets...
[[0;32m  OK  [0m] Started Login Service.
[[0;32m  OK  [0m] Started Unattended Upgrades Shutdown.
[[0;32m  OK  [0m] Started Login to default iSCSI targets.
[[0;32m  OK  [0m] Reached target Remote File Systems (Pre).
[[0;32m  OK  [0m] Reached target Remote File Systems.
         Starting LSB: automatic crash report generation...
         Starting Permit User Sessions...
         Starting LSB: daemon to balance interrupts for SMP systems...
         Starting LSB: Set the CPU Frequency Scaling governor to "ondemand"...
[[0;32m  OK  [0m] Started Permit User Sessions.
         Starting Terminate Plymouth Boot Screen...
         Starting Hold until boot process finishes up...
[[0;32m  OK  [0m] Started Hold until boot process finishes up.
         Starting Set console scheme...
[[0;32m  OK  [0m] Started Serial Getty on ttyS0.
[[0;32m  OK  [0m] Started Getty on tty1.
[[0;32m  OK  [0m] Reached target Login Prompts.
[[0;32m  OK  [0m] Started Terminate Plymouth Boot Screen.
[[0;32m  OK  [0m] Started Set console scheme.
cloud-init[966]: Generating public/private ed25519 key pair.
[[0;32m  OK  [0m] Started LSB: Set the CPU Frequency Scaling governor to "ondemand".
[    6.795463] cloud-init[966]: Your identification has been saved in /etc/ssh/ssh_host_ed25519_key.
[    6.800204] cloud-init[966]: Your public key has been saved in /etc/ssh/ssh_host_ed25519_key.pub.
[    6.814428] cloud-init[966]: The key fingerprint is:
[    6.817264] cloud-init[966]: SHA256:Z0bKdTBbpuRdrQKDknsOoKweKjfUwWmbArPCnTOrjd4 root@ubuntu-xenial
[[0;32m  OK  [0m] Started LSB: Record successful boot for GRUB.
[[0;32m  OK  [0m] Started LSB: MD monitoring daemon.
[[0;32m  OK  [0m] Started LSB: automatic crash report generation.
[    6.839333] cloud-init[966]: The key's randomart image is:         Starting Authenticate and Authorize Users to Run Privileged Tasks...

[    6.854598] cloud-init[966]: +--[ED25519 256]--+
[[0;32m  OK  [0m] Started LSB: daemon to balance interrupts for SMP systems.
[    6.863978] cloud-init[966]: |       . .+ o .. |
[    6.868359] cloud-init[966]: |    . o .ooO .  .|
[[0;32m  OK  [0m] Started Authenticate and Authorize Users to Run Privileged Tasks.
[[0;32m  OK  [0m] Started Accounts Service.
[    6.878712] cloud-init[966]: | . o o o  *oo  . |
[    6.882085] cloud-init[966]: |o o = o..+ .. .  |
[    6.885770] [[0;32m  OK  [0m] Started LXD - container startup/shutdown.
cloud-init[966]: |.=.o.+ +S +  .   |
[    6.892423] cloud-init[966]: |+oo=+   .+       |
[    6.892961] cloud-init[966]: |+...+            |
[    6.895702] cloud-init[966]: |o.*.             |
[    6.897320] cloud-init[966]: |o=.E             |
[    6.900611] cloud-init[966]: +----[SHA256]-----+
[[0;32m  OK  [0m] Started Virtualbox guest utils.
[[0;32m  OK  [0m] Started Snap Daemon.
         Starting Wait until snapd is fully seeded...
[[0;32m  OK  [0m] Started Pollinate to seed the pseudo random number generator.
         Starting OpenBSD Secure Shell server...
[[0;32m  OK  [0m] Started OpenBSD Secure Shell server.
[[0;32m  OK  [0m] Started Wait until snapd is fully seeded.
         Starting Apply the settings specified in cloud-config...
[[0;32m  OK  [0m] Reached target Multi-User System.
[[0;32m  OK  [0m] Reached target Graphical Interface.
         Starting Update UTMP about System Runlevel Changes...
[[0;32m  OK  [0m] Started Update UTMP about System Runlevel Changes.
[    7.791754] cloud-init[1319]: Generating locales (this might take a while)...
[    8.215121] cloud-init[1319]:   en_US.UTF-8... done
[    8.220330] cloud-init[1319]: Generation complete.
[    8.371799] cloud-init[1319]: Cloud-init v. 21.1-19-gbad84ad4-0ubuntu1~16.04.2 running 'modules:config' at Wed, 18 Dec 2024 16:52:38 +0000. Up 7.73 seconds.
[[0;32m  OK  [0m] Started Apply the settings specified in cloud-config.
         Starting Execute cloud user/final scripts...
ci-info: no authorized SSH keys fingerprints found for user ubuntu.
<14>Dec 18 16:52:39 ec2: 
<14>Dec 18 16:52:39 ec2: #############################################################
<14>Dec 18 16:52:39 ec2: -----BEGIN SSH HOST KEY FINGERPRINTS-----
<14>Dec 18 16:52:39 ec2: 1024 SHA256:6fYHhFz4tV5pjpaRsAwQpNu3lLnO3Du8exhLb0CLzWc root@ubuntu-xenial (DSA)
<14>Dec 18 16:52:39 ec2: 256 SHA256:CgQzCN+t7U7t12iTYeAnauSrcKHWGvKvnxzzhk8D9mI root@ubuntu-xenial (ECDSA)
<14>Dec 18 16:52:39 ec2: 256 SHA256:Z0bKdTBbpuRdrQKDknsOoKweKjfUwWmbArPCnTOrjd4 root@ubuntu-xenial (ED25519)
<14>Dec 18 16:52:39 ec2: 2048 SHA256:D8MnE8dFSGmuQOZ2EbvkR4l79DdeVQO9bVu/1mZcw9I root@ubuntu-xenial (RSA)
<14>Dec 18 16:52:39 ec2: -----END SSH HOST KEY FINGERPRINTS-----
<14>Dec 18 16:52:39 ec2: #############################################################
-----BEGIN SSH HOST KEY KEYS-----
ecdsa-sha2-nistp256 AAAAE2VjZHNhLXNoYTItbmlzdHAyNTYAAAAIbmlzdHAyNTYAAABBBLBILwTTN/LZrB4p9jXUt1x5l9rlhcRa0ZLbaKo/DwwRuU5Zche+5mduZK/OtwacU9tesgLJC6+2E0zVkCaZxEc= root@ubuntu-xenial
ssh-ed25519 AAAAC3NzaC1lZDI1NTE5AAAAIDS+zA9iQAyZeNvRSJtshNb9mb3RkwGtWmUEFmll4WV+ root@ubuntu-xenial
ssh-rsa AAAAB3NzaC1yc2EAAAADAQABAAABAQDlWW75eQqSsTzFigpUMn4DCxzjw+5H3Eu6ayC3VyQgepbpEC+LpQuqrVXPTUfoeMQrny2i/bkgAzPAHIdbReyUCgQPAY3GVDuk464Sg9N/eBJBFLtqMfELFjtd0JsU0q02qVScyyy0MqZU+0EbN2+7P+rCunsREh21PT8UQOVXXeVVqgKgRGbhyXE745GSZ2S1j7cn+mP73eyP17Qko4azBDw71SODb01TMcRBBArTQUJXw121HMM361gX4Kp1BR+6lWGrGEhnfudHmTpoIlLWS4e/cEJz1FbjUcHR6baAm2shYMfgP9vltWTvTUia/3xhZuHIk+FapDqQ9N2saNwP root@ubuntu-xenial
-----END SSH HOST KEY KEYS-----
[    8.651137] cloud-init[1363]: Cloud-init v. 21.1-19-gbad84ad4-0ubuntu1~16.04.2 running 'modules:final' at Wed, 18 Dec 2024 16:52:39 +0000. Up 8.55 seconds.
[    8.653107] cloud-init[1363]: ci-info: no authorized SSH keys fingerprints found for user ubuntu.
[    8.654943] cloud-init[1363]: Cloud-init v. 21.1-19-gbad84ad4-0ubuntu1~16.04.2 finished at Wed, 18 Dec 2024 16:52:39 +0000. Datasource DataSourceNoCloud [seed=/dev/sdb][dsmode=net].  Up 8.64 seconds
[[0;32m  OK  [0m] Started Execute cloud user/final scripts.
[[0;32m  OK  [0m] Reached target Cloud-init target.

Ubuntu 16.04.7 LTS ubuntu-xenial ttyS0

ubuntu-xenial login: 